<?xml version="1.0" encoding="UTF-8"?>
<testsuite name="com.example.historical.integration.PermitIntegrationTest" tests="1" skipped="0" failures="0" errors="0" timestamp="2019-02-08T07:29:13" hostname="DESKTOP-EJ3FF1V" time="0.691">
  <properties/>
  <testcase name="testCreatePermitsWithDuplicateAccount" classname="com.example.historical.integration.PermitIntegrationTest" time="0.691"/>
  <system-out><![CDATA[2019-02-08 15:29:13.683  INFO 6760 --- [    Test worker] .b.t.c.SpringBootTestContextBootstrapper : Neither @ContextConfiguration nor @ContextHierarchy found for test class [com.example.historical.integration.PermitIntegrationTest], using SpringBootContextLoader
2019-02-08 15:29:13.683  INFO 6760 --- [    Test worker] o.s.t.c.support.AbstractContextLoader    : Could not detect default resource locations for test class [com.example.historical.integration.PermitIntegrationTest]: no resource found for suffixes {-context.xml, Context.groovy}.
2019-02-08 15:29:13.684  INFO 6760 --- [    Test worker] t.c.s.AnnotationConfigContextLoaderUtils : Could not detect default configuration classes for test class [com.example.historical.integration.PermitIntegrationTest]: PermitIntegrationTest does not declare any static, non-private, non-final, nested classes annotated with @Configuration.
2019-02-08 15:29:13.689  INFO 6760 --- [    Test worker] .b.t.c.SpringBootTestContextBootstrapper : Found @SpringBootConfiguration com.example.historical.Application for test class com.example.historical.integration.PermitIntegrationTest
2019-02-08 15:29:13.691  INFO 6760 --- [    Test worker] .b.t.c.SpringBootTestContextBootstrapper : Loaded default TestExecutionListener class names from location [META-INF/spring.factories]: [org.springframework.boot.test.autoconfigure.restdocs.RestDocsTestExecutionListener, org.springframework.boot.test.autoconfigure.web.client.MockRestServiceServerResetTestExecutionListener, org.springframework.boot.test.autoconfigure.web.servlet.MockMvcPrintOnlyOnFailureTestExecutionListener, org.springframework.boot.test.autoconfigure.web.servlet.WebDriverTestExecutionListener, org.springframework.boot.test.mock.mockito.MockitoTestExecutionListener, org.springframework.boot.test.mock.mockito.ResetMocksTestExecutionListener, org.springframework.test.context.web.ServletTestExecutionListener, org.springframework.test.context.support.DirtiesContextBeforeModesTestExecutionListener, org.springframework.test.context.support.DependencyInjectionTestExecutionListener, org.springframework.test.context.support.DirtiesContextTestExecutionListener, org.springframework.test.context.transaction.TransactionalTestExecutionListener, org.springframework.test.context.jdbc.SqlScriptsTestExecutionListener]
2019-02-08 15:29:13.691  INFO 6760 --- [    Test worker] .b.t.c.SpringBootTestContextBootstrapper : Using TestExecutionListeners: [org.springframework.test.context.web.ServletTestExecutionListener@21caa1dd, org.springframework.test.context.support.DirtiesContextBeforeModesTestExecutionListener@32360996, org.springframework.boot.test.mock.mockito.MockitoTestExecutionListener@3ed94960, org.springframework.boot.test.autoconfigure.SpringBootDependencyInjectionTestExecutionListener@5f60c34b, org.springframework.test.context.support.DirtiesContextTestExecutionListener@2b504533, org.springframework.test.context.transaction.TransactionalTestExecutionListener@29a89376, org.springframework.test.context.jdbc.SqlScriptsTestExecutionListener@5dce4d6a, org.springframework.boot.test.autoconfigure.restdocs.RestDocsTestExecutionListener@4edb703, org.springframework.boot.test.autoconfigure.web.client.MockRestServiceServerResetTestExecutionListener@2dbd0370, org.springframework.boot.test.autoconfigure.web.servlet.MockMvcPrintOnlyOnFailureTestExecutionListener@40e30692, org.springframework.boot.test.autoconfigure.web.servlet.WebDriverTestExecutionListener@6fe9a6f9, org.springframework.boot.test.mock.mockito.ResetMocksTestExecutionListener@65551a8]
2019-02-08 15:29:13.701  INFO 6760 --- [    Test worker] o.s.b.t.m.w.SpringBootMockServletContext : Initializing Spring FrameworkServlet ''
2019-02-08 15:29:13.701  INFO 6760 --- [    Test worker] o.s.t.web.servlet.TestDispatcherServlet  : FrameworkServlet '': initialization started
2019-02-08 15:29:13.717  INFO 6760 --- [    Test worker] o.s.t.web.servlet.TestDispatcherServlet  : FrameworkServlet '': initialization completed in 16 ms
2019-02-08 15:29:13.894 DEBUG 6760 --- [    Test worker] c.e.h.controller.AuthorityController     : create() with body com.example.historical.model.Authority@61cc322f
2019-02-08 15:29:14.026 DEBUG 6760 --- [    Test worker] c.e.h.controller.AuthorityController     : create() with body com.example.historical.model.Authority@4782c90c
2019-02-08 15:29:14.042 DEBUG 6760 --- [    Test worker] c.e.h.controller.PermitController        : create() with body com.example.historical.model.Permit@3bc1e88
2019-02-08 15:29:14.064  INFO 6760 --- [    Test worker] o.h.h.i.QueryTranslatorFactoryInitiator  : HHH000397: Using ASTQueryTranslatorFactory
2019-02-08 15:29:14.313 DEBUG 6760 --- [    Test worker] c.e.h.controller.PermitController        : create() with body com.example.historical.model.Permit@5c764098
]]></system-out>
  <system-err><![CDATA[]]></system-err>
</testsuite>
